2021-02-28 12:47:56 [INFO] : ++++++++++++++++++++++++++++++++++++++++++++
2021-02-28 12:47:56 [INFO] : 正在获取 [360] 威胁情报...
2021-02-28 12:48:00 [INFO] : 得到 [360] 最新威胁情报 [0] 条
2021-02-28 12:48:00 [INFO] : --------------------------------------------
2021-02-28 12:48:00 [INFO] : ++++++++++++++++++++++++++++++++++++++++++++
2021-02-28 12:48:00 [INFO] : 正在获取 [绿盟] 威胁情报...
2021-02-28 12:48:01 [INFO] : 得到 [绿盟] 最新威胁情报 [0] 条
2021-02-28 12:48:01 [INFO] : --------------------------------------------
2021-02-28 12:48:01 [INFO] : ++++++++++++++++++++++++++++++++++++++++++++
2021-02-28 12:48:01 [INFO] : 正在获取 [奇安信] 威胁情报...
2021-02-28 12:48:05 [INFO] : 得到 [奇安信] 最新威胁情报 [0] 条
2021-02-28 12:48:05 [INFO] : --------------------------------------------
2021-02-28 12:48:05 [INFO] : ++++++++++++++++++++++++++++++++++++++++++++
2021-02-28 12:48:05 [INFO] : 正在获取 [红后] 威胁情报...
2021-02-28 12:48:07 [INFO] : 得到 [红后] 最新威胁情报 [0] 条
2021-02-28 12:48:07 [INFO] : --------------------------------------------
2021-02-28 12:48:07 [INFO] : ++++++++++++++++++++++++++++++++++++++++++++
2021-02-28 12:48:07 [INFO] : 正在获取 [安全客] 威胁情报...
2021-02-28 12:48:11 [INFO] : 得到 [安全客] 最新威胁情报 [0] 条
2021-02-28 12:48:11 [INFO] : --------------------------------------------
2021-02-28 12:48:11 [INFO] : ++++++++++++++++++++++++++++++++++++++++++++
2021-02-28 12:48:11 [INFO] : 正在获取 [斗象] 威胁情报...
2021-02-28 12:48:22 [INFO] : 得到 [斗象] 最新威胁情报 [0] 条
2021-02-28 12:48:22 [INFO] : --------------------------------------------
2021-02-28 12:48:22 [INFO] : ++++++++++++++++++++++++++++++++++++++++++++
2021-02-28 12:48:22 [INFO] : 正在获取 [CNVD] 威胁情报...
2021-02-28 12:48:25 [WARNING] : 获取 [CNVD] 威胁情报失败： [HTTP Error 521]
2021-02-28 12:48:25 [INFO] : 得到 [CNVD] 最新威胁情报 [0] 条
2021-02-28 12:48:25 [INFO] : --------------------------------------------
2021-02-28 13:18:43 [INFO] : ++++++++++++++++++++++++++++++++++++++++++++
2021-02-28 13:18:43 [INFO] : 正在获取 [360] 威胁情报...
2021-02-28 13:18:48 [INFO] : 得到 [360] 最新威胁情报 [0] 条
2021-02-28 13:18:48 [INFO] : --------------------------------------------
2021-02-28 13:18:48 [INFO] : ++++++++++++++++++++++++++++++++++++++++++++
2021-02-28 13:18:48 [INFO] : 正在获取 [绿盟] 威胁情报...
2021-02-28 13:18:49 [INFO] : 得到 [绿盟] 最新威胁情报 [0] 条
2021-02-28 13:18:49 [INFO] : --------------------------------------------
2021-02-28 13:18:49 [INFO] : ++++++++++++++++++++++++++++++++++++++++++++
2021-02-28 13:18:49 [INFO] : 正在获取 [奇安信] 威胁情报...
2021-02-28 13:18:52 [INFO] : 得到 [奇安信] 最新威胁情报 [0] 条
2021-02-28 13:18:52 [INFO] : --------------------------------------------
2021-02-28 13:18:52 [INFO] : ++++++++++++++++++++++++++++++++++++++++++++
2021-02-28 13:18:52 [INFO] : 正在获取 [红后] 威胁情报...
2021-02-28 13:18:56 [INFO] : 得到 [红后] 最新威胁情报 [0] 条
2021-02-28 13:18:56 [INFO] : --------------------------------------------
2021-02-28 13:18:56 [INFO] : ++++++++++++++++++++++++++++++++++++++++++++
2021-02-28 13:18:56 [INFO] : 正在获取 [安全客] 威胁情报...
2021-02-28 13:18:59 [INFO] : 得到 [安全客] 最新威胁情报 [0] 条
2021-02-28 13:18:59 [INFO] : --------------------------------------------
2021-02-28 13:18:59 [INFO] : ++++++++++++++++++++++++++++++++++++++++++++
2021-02-28 13:18:59 [INFO] : 正在获取 [斗象] 威胁情报...
2021-02-28 13:19:08 [INFO] : 得到 [斗象] 最新威胁情报 [0] 条
2021-02-28 13:19:08 [INFO] : --------------------------------------------
2021-02-28 13:19:08 [INFO] : ++++++++++++++++++++++++++++++++++++++++++++
2021-02-28 13:19:08 [INFO] : 正在获取 [CNVD] 威胁情报...
2021-02-28 13:19:12 [WARNING] : 获取 [CNVD] 威胁情报失败： [HTTP Error 521]
2021-02-28 13:19:12 [INFO] : 得到 [CNVD] 最新威胁情报 [0] 条
2021-02-28 13:19:12 [INFO] : --------------------------------------------
2021-02-28 13:54:23 [INFO] : ++++++++++++++++++++++++++++++++++++++++++++
2021-02-28 13:54:23 [INFO] : 正在获取 [360] 威胁情报...
2021-02-28 13:54:30 [INFO] : 得到 [360] 最新威胁情报 [0] 条
2021-02-28 13:54:30 [INFO] : --------------------------------------------
2021-02-28 13:54:30 [INFO] : ++++++++++++++++++++++++++++++++++++++++++++
2021-02-28 13:54:30 [INFO] : 正在获取 [绿盟] 威胁情报...
2021-02-28 13:54:31 [INFO] : 得到 [绿盟] 最新威胁情报 [0] 条
2021-02-28 13:54:31 [INFO] : --------------------------------------------
2021-02-28 13:54:31 [INFO] : ++++++++++++++++++++++++++++++++++++++++++++
2021-02-28 13:54:31 [INFO] : 正在获取 [奇安信] 威胁情报...
2021-02-28 13:54:33 [INFO] : 得到 [奇安信] 最新威胁情报 [0] 条
2021-02-28 13:54:33 [INFO] : --------------------------------------------
2021-02-28 13:54:33 [INFO] : ++++++++++++++++++++++++++++++++++++++++++++
2021-02-28 13:54:33 [INFO] : 正在获取 [红后] 威胁情报...
2021-02-28 13:54:36 [INFO] : 得到 [红后] 最新威胁情报 [0] 条
2021-02-28 13:54:36 [INFO] : --------------------------------------------
2021-02-28 13:54:36 [INFO] : ++++++++++++++++++++++++++++++++++++++++++++
2021-02-28 13:54:36 [INFO] : 正在获取 [安全客] 威胁情报...
2021-02-28 13:54:43 [INFO] : 得到 [安全客] 最新威胁情报 [0] 条
2021-02-28 13:54:43 [INFO] : --------------------------------------------
2021-02-28 13:54:43 [INFO] : ++++++++++++++++++++++++++++++++++++++++++++
2021-02-28 13:54:43 [INFO] : 正在获取 [斗象] 威胁情报...
2021-02-28 13:54:51 [INFO] : 得到 [斗象] 最新威胁情报 [0] 条
2021-02-28 13:54:51 [INFO] : --------------------------------------------
2021-02-28 13:54:51 [INFO] : ++++++++++++++++++++++++++++++++++++++++++++
2021-02-28 13:54:51 [INFO] : 正在获取 [CNVD] 威胁情报...
2021-02-28 13:55:04 [WARNING] : 获取 [CNVD] 威胁情报失败： [HTTP Error 521]
2021-02-28 13:55:04 [INFO] : 得到 [CNVD] 最新威胁情报 [0] 条
2021-02-28 13:55:04 [INFO] : --------------------------------------------
2021-02-28 14:06:05 [INFO] : ++++++++++++++++++++++++++++++++++++++++++++
2021-02-28 14:06:05 [INFO] : 正在获取 [360] 威胁情报...
2021-02-28 14:06:08 [INFO] : 得到 [360] 最新威胁情报 [0] 条
2021-02-28 14:06:08 [INFO] : --------------------------------------------
2021-02-28 14:06:08 [INFO] : ++++++++++++++++++++++++++++++++++++++++++++
2021-02-28 14:06:08 [INFO] : 正在获取 [绿盟] 威胁情报...
2021-02-28 14:06:12 [INFO] : 得到 [绿盟] 最新威胁情报 [0] 条
2021-02-28 14:06:12 [INFO] : --------------------------------------------
2021-02-28 14:06:12 [INFO] : ++++++++++++++++++++++++++++++++++++++++++++
2021-02-28 14:06:12 [INFO] : 正在获取 [奇安信] 威胁情报...
2021-02-28 14:06:19 [INFO] : 得到 [奇安信] 最新威胁情报 [0] 条
2021-02-28 14:06:19 [INFO] : --------------------------------------------
2021-02-28 14:06:19 [INFO] : ++++++++++++++++++++++++++++++++++++++++++++
2021-02-28 14:06:19 [INFO] : 正在获取 [红后] 威胁情报...
2021-02-28 14:06:21 [INFO] : 得到 [红后] 最新威胁情报 [0] 条
2021-02-28 14:06:21 [INFO] : --------------------------------------------
2021-02-28 14:06:21 [INFO] : ++++++++++++++++++++++++++++++++++++++++++++
2021-02-28 14:06:21 [INFO] : 正在获取 [安全客] 威胁情报...
2021-02-28 14:06:28 [INFO] : 得到 [安全客] 最新威胁情报 [0] 条
2021-02-28 14:06:28 [INFO] : --------------------------------------------
2021-02-28 14:06:28 [INFO] : ++++++++++++++++++++++++++++++++++++++++++++
2021-02-28 14:06:28 [INFO] : 正在获取 [斗象] 威胁情报...
2021-02-28 14:06:36 [INFO] : 得到 [斗象] 最新威胁情报 [0] 条
2021-02-28 14:06:36 [INFO] : --------------------------------------------
2021-02-28 14:06:36 [INFO] : ++++++++++++++++++++++++++++++++++++++++++++
2021-02-28 14:06:36 [INFO] : 正在获取 [CNVD] 威胁情报...
2021-02-28 14:06:41 [ERROR] : 获取 [CNVD] 威胁情报异常
Traceback (most recent call last):
  File "/home/runner/work/threat-broadcast/threat-broadcast/src/crawler/_base_crawler.py", line 64, in cves
    new_cves = self.get_cves()
  File "/home/runner/work/threat-broadcast/threat-broadcast/src/crawler/cnvd.py", line 63, in get_cves
    log.warn('获取 [%s] 威胁情报失败： [HTTP Error %i] 服务器返回内容：[%s]' % (self.NAME_CH(), response.status_code),response.text)
TypeError: not enough arguments for format string
2021-02-28 14:06:41 [ERROR] : Traceback (most recent call last):
  File "/home/runner/work/threat-broadcast/threat-broadcast/src/crawler/_base_crawler.py", line 64, in cves
    new_cves = self.get_cves()
  File "/home/runner/work/threat-broadcast/threat-broadcast/src/crawler/cnvd.py", line 63, in get_cves
    log.warn('获取 [%s] 威胁情报失败： [HTTP Error %i] 服务器返回内容：[%s]' % (self.NAME_CH(), response.status_code),response.text)
TypeError: not enough arguments for format string
Traceback (most recent call last):
  File "/home/runner/work/threat-broadcast/threat-broadcast/src/crawler/_base_crawler.py", line 64, in cves
    new_cves = self.get_cves()
  File "/home/runner/work/threat-broadcast/threat-broadcast/src/crawler/cnvd.py", line 63, in get_cves
    log.warn('获取 [%s] 威胁情报失败： [HTTP Error %i] 服务器返回内容：[%s]' % (self.NAME_CH(), response.status_code),response.text)
TypeError: not enough arguments for format string
2021-02-28 14:06:41 [INFO] : 得到 [CNVD] 最新威胁情报 [0] 条
2021-02-28 14:06:41 [INFO] : --------------------------------------------
